** Daemonized, any open files are closed.  Look at /home/fizyka/mkonstan/kino/tmp/pids/mongrel.pid and log/mongrel.log for info.
** Starting Mongrel listening at 0.0.0.0:3210
** Starting Rails with development environment...
** Rails loaded.
** Loading any Rails specific GemPlugins
** Signals ready.  TERM => stop.  USR2 => restart.  INT => stop (no restart).
** Rails signals registered.  HUP => reload (without restart).  It might not work well.
** Mongrel 1.1.5 available at 0.0.0.0:3210
** Writing PID file to /home/fizyka/mkonstan/kino/tmp/pids/mongrel.pid
Error during failsafe response: No space left on device - /home/fizyka/mkonstan/kino/log/development.log
(originally No route matches "/images/img05.gif" with {:method=>:get})
Error during failsafe response: No space left on device - /home/fizyka/mkonstan/kino/log/development.log
(originally No space left on device - /home/fizyka/mkonstan/kino/log/development.log)
Error during failsafe response: No space left on device - /home/fizyka/mkonstan/kino/log/development.log
(originally No space left on device - /home/fizyka/mkonstan/kino/log/development.log)
Error during failsafe response: No space left on device - /home/fizyka/mkonstan/kino/log/development.log
(originally No space left on device - /home/fizyka/mkonstan/kino/log/development.log)
Error during failsafe response: No space left on device - /home/fizyka/mkonstan/kino/log/development.log
(originally No space left on device - /home/fizyka/mkonstan/kino/log/development.log)
Error during failsafe response: No space left on device - /home/fizyka/mkonstan/kino/log/development.log
(originally No space left on device - /home/fizyka/mkonstan/kino/log/development.log)
